#-----------------------------------------------------------
# Webtalk v2017.2 (64-bit)
# SW Build 1909853 on Thu Jun 15 18:39:09 MDT 2017
# 
# Start of session at: Fri May 31 16:42:07 2019
# Process ID: 5512
# Current directory: C:/Users/ibai.ros/Final_Optional/Final_Optional.sdk/webtalk
# Command line: wbtcv.exe -mode batch -source sdk_webtalk.tcl
# Log file: C:/Users/ibai.ros/Final_Optional/Final_Optional.sdk/webtalk/webtalk.log
# Journal file: C:/Users/ibai.ros/Final_Optional/Final_Optional.sdk/webtalk\webtalk.jou
#-----------------------------------------------------------
source sdk_webtalk.tcl
# webtalk_init -webtalk_dir C:\\Users\\ibai.ros\\Final_Optional\\Final_Optional.sdk\\webtalk
# webtalk_register_client -client project
# webtalk_add_data -client project -key date_generated -value "2019-05-31 16:42:06" -context "software_version_and_target_device"
# webtalk_add_data -client project -key product_version -value "SDK v2017.2" -context "software_version_and_target_device"
# webtalk_add_data -client project -key build_version -value "2017.2" -context "software_version_and_target_device"
# webtalk_add_data -client project -key os_platform -value "amd64" -context "software_version_and_target_device"
# webtalk_add_data -client project -key registration_id -value "174215380_174171543_210684238_527" -context "software_version_and_target_device"
# webtalk_add_data -client project -key tool_flow -value "SDK" -context "software_version_and_target_device"
# webtalk_add_data -client project -key beta -value "false" -context "software_version_and_target_device"
# webtalk_add_data -client project -key route_design -value "NA" -context "software_version_and_target_device"
# webtalk_add_data -client project -key target_family -value "NA" -context "software_version_and_target_device"
# webtalk_add_data -client project -key target_device -value "NA" -context "software_version_and_target_device"
# webtalk_add_data -client project -key target_package -value "NA" -context "software_version_and_target_device"
# webtalk_add_data -client project -key target_speed -value "NA" -context "software_version_and_target_device"
# webtalk_add_data -client project -key random_id -value "a8e3e0dv0rh57p7p776kqkimme" -context "software_version_and_target_device"
# webtalk_add_data -client project -key project_id -value "2017.2_9" -context "software_version_and_target_device"
# webtalk_add_data -client project -key project_iteration -value "9" -context "software_version_and_target_device"
# webtalk_add_data -client project -key os_name -value "Microsoft Windows 8 or later , 64-bit" -context "user_environment"
# webtalk_add_data -client project -key os_release -value "major release  (build 9200)" -context "user_environment"
# webtalk_add_data -client project -key cpu_name -value "Intel(R) Core(TM) i5-8500 CPU @ 3.00GHz" -context "user_environment"
# webtalk_add_data -client project -key cpu_speed -value "3000 MHz" -context "user_environment"
# webtalk_add_data -client project -key total_processors -value "1" -context "user_environment"
# webtalk_add_data -client project -key system_ram -value "16.000 GB" -context "user_environment"
# webtalk_register_client -client sdk
# webtalk_add_data -client sdk -key uid -value "1559312874839" -context "sdk\\\\hardware/1559312874839"
# webtalk_add_data -client sdk -key isZynq -value "true" -context "sdk\\\\hardware/1559312874839"
# webtalk_add_data -client sdk -key isZynqMP -value "false" -context "sdk\\\\hardware/1559312874839"
# webtalk_add_data -client sdk -key Processors -value "2" -context "sdk\\\\hardware/1559312874839"
# webtalk_add_data -client sdk -key VivadoVersion -value "2017.2" -context "sdk\\\\hardware/1559312874839"
# webtalk_add_data -client sdk -key Arch -value "zynq" -context "sdk\\\\hardware/1559312874839"
# webtalk_add_data -client sdk -key Device -value "7z010" -context "sdk\\\\hardware/1559312874839"
# webtalk_add_data -client sdk -key IsHandoff -value "true" -context "sdk\\\\hardware/1559312874839"
# webtalk_add_data -client sdk -key os -value "NA" -context "sdk\\\\hardware/1559312874839"
# webtalk_add_data -client sdk -key apptemplate -value "NA" -context "sdk\\\\hardware/1559312874839"
# webtalk_add_data -client sdk -key RecordType -value "HWCreation" -context "sdk\\\\hardware/1559312874839"
# webtalk_add_data -client sdk -key uid -value "1559312918255" -context "sdk\\\\bsp/1559312918255"
# webtalk_add_data -client sdk -key hwid -value "1559312874839" -context "sdk\\\\bsp/1559312918255"
# webtalk_add_data -client sdk -key os -value "freertos901_xilinx" -context "sdk\\\\bsp/1559312918255"
# webtalk_add_data -client sdk -key apptemplate -value "empty_application" -context "sdk\\\\bsp/1559312918255"
# webtalk_add_data -client sdk -key RecordType -value "BSPCreation" -context "sdk\\\\bsp/1559312918255"
# webtalk_add_data -client sdk -key uid -value "1559312920253" -context "sdk\\\\application/1559312920253"
# webtalk_add_data -client sdk -key hwid -value "1559312874839" -context "sdk\\\\application/1559312920253"
# webtalk_add_data -client sdk -key bspid -value "1559312918255" -context "sdk\\\\application/1559312920253"
# webtalk_add_data -client sdk -key newbsp -value "true" -context "sdk\\\\application/1559312920253"
# webtalk_add_data -client sdk -key os -value "freertos901_xilinx" -context "sdk\\\\application/1559312920253"
# webtalk_add_data -client sdk -key apptemplate -value "empty_application" -context "sdk\\\\application/1559312920253"
# webtalk_add_data -client sdk -key RecordType -value "APPCreation" -context "sdk\\\\application/1559312920253"
# webtalk_add_data -client sdk -key LangUsed -value "C" -context "sdk\\\\application/1559312920253"
# webtalk_add_data -client sdk -key Procused -value "ps7_cortexa9" -context "sdk\\\\application/1559312920253"
# webtalk_add_data -client sdk -key projSize -value "473.58984375" -context "sdk\\\\application/1559312920253"
# webtalk_add_data -client sdk -key uid -value "NA" -context "sdk\\\\bsp/1559313726684"
# webtalk_add_data -client sdk -key RecordType -value "ToolUsage" -context "sdk\\\\bsp/1559313726684"
# webtalk_add_data -client sdk -key BootgenCount -value "0" -context "sdk\\\\bsp/1559313726684"
# webtalk_add_data -client sdk -key DebugCount -value "0" -context "sdk\\\\bsp/1559313726684"
# webtalk_add_data -client sdk -key PerfCount -value "0" -context "sdk\\\\bsp/1559313726684"
# webtalk_add_data -client sdk -key FlashCount -value "0" -context "sdk\\\\bsp/1559313726684"
# webtalk_add_data -client sdk -key CrossTriggCount -value "0" -context "sdk\\\\bsp/1559313726684"
# webtalk_add_data -client sdk -key QemuDebugCount -value "0" -context "sdk\\\\bsp/1559313726684"
# webtalk_transmit -clientid 2262071894 -regid "174215380_174171543_210684238_527" -xml C:\\Users\\ibai.ros\\Final_Optional\\Final_Optional.sdk\\webtalk\\usage_statistics_ext_sdk.xml -html C:\\Users\\ibai.ros\\Final_Optional\\Final_Optional.sdk\\webtalk\\usage_statistics_ext_sdk.html -wdm C:\\Users\\ibai.ros\\Final_Optional\\Final_Optional.sdk\\webtalk\\sdk_webtalk.wdm -intro "<H3>SDK Usage Report</H3><BR>"
INFO: [Common 17-186] 'C:\Users\ibai.ros\Final_Optional\Final_Optional.sdk\webtalk\usage_statistics_ext_sdk.xml' has been successfully sent to Xilinx on Fri May 31 16:42:10 2019. For additional details about this file, please refer to the WebTalk help file at C:/Xilinx/SDK/2017.2/doc/webtalk_introduction.html.
# webtalk_terminate
INFO: [Common 17-206] Exiting Webtalk at Fri May 31 16:42:10 2019...
