
*** Running vivado
    with args -log Final_Optional_control_bar_0_0.vds -m64 -product Vivado -mode batch -messageDb vivado.pb -notrace -source Final_Optional_control_bar_0_0.tcl


****** Vivado v2017.2 (64-bit)
  **** SW Build 1909853 on Thu Jun 15 18:39:09 MDT 2017
  **** IP Build 1909766 on Thu Jun 15 19:58:00 MDT 2017
    ** Copyright 1986-2017 Xilinx, Inc. All Rights Reserved.

source Final_Optional_control_bar_0_0.tcl -notrace
Command: synth_design -top Final_Optional_control_bar_0_0 -part xc7z010clg400-1 -mode out_of_context
Starting synth_design
Attempting to get a license for feature 'Synthesis' and/or device 'xc7z010-clg400'
INFO: [Common 17-349] Got license for feature 'Synthesis' and/or device 'xc7z010-clg400'
INFO: Launching helper process for spawning children vivado processes
INFO: Helper process launched with PID 10752 
---------------------------------------------------------------------------------
Starting RTL Elaboration : Time (s): cpu = 00:00:03 ; elapsed = 00:00:03 . Memory (MB): peak = 370.957 ; gain = 84.848
---------------------------------------------------------------------------------
INFO: [Synth 8-638] synthesizing module 'Final_Optional_control_bar_0_0' [c:/Users/ibai.ros/Final_Optional/Final_Optional.srcs/sources_1/bd/Final_Optional/ip/Final_Optional_control_bar_0_0/synth/Final_Optional_control_bar_0_0.vhd:72]
INFO: [Synth 8-3491] module 'control_bar' declared at 'c:/Users/ibai.ros/Final_Optional/Final_Optional.srcs/sources_1/bd/Final_Optional/ipshared/0c9f/control_bar.vhd:13' bound to instance 'U0' of component 'control_bar' [c:/Users/ibai.ros/Final_Optional/Final_Optional.srcs/sources_1/bd/Final_Optional/ip/Final_Optional_control_bar_0_0/synth/Final_Optional_control_bar_0_0.vhd:95]
INFO: [Synth 8-638] synthesizing module 'control_bar' [c:/Users/ibai.ros/Final_Optional/Final_Optional.srcs/sources_1/bd/Final_Optional/ipshared/0c9f/control_bar.vhd:26]
WARNING: [Synth 8-6014] Unused sequential element ld_color_red_reg was removed.  [c:/Users/ibai.ros/Final_Optional/Final_Optional.srcs/sources_1/bd/Final_Optional/ipshared/0c9f/control_bar.vhd:100]
WARNING: [Synth 8-6014] Unused sequential element ld_x_old_reg was removed.  [c:/Users/ibai.ros/Final_Optional/Final_Optional.srcs/sources_1/bd/Final_Optional/ipshared/0c9f/control_bar.vhd:101]
WARNING: [Synth 8-6014] Unused sequential element ld_x_new_reg was removed.  [c:/Users/ibai.ros/Final_Optional/Final_Optional.srcs/sources_1/bd/Final_Optional/ipshared/0c9f/control_bar.vhd:102]
INFO: [Synth 8-256] done synthesizing module 'control_bar' (1#1) [c:/Users/ibai.ros/Final_Optional/Final_Optional.srcs/sources_1/bd/Final_Optional/ipshared/0c9f/control_bar.vhd:26]
INFO: [Synth 8-256] done synthesizing module 'Final_Optional_control_bar_0_0' (2#1) [c:/Users/ibai.ros/Final_Optional/Final_Optional.srcs/sources_1/bd/Final_Optional/ip/Final_Optional_control_bar_0_0/synth/Final_Optional_control_bar_0_0.vhd:72]
WARNING: [Synth 8-3331] design control_bar has unconnected port btn[2]
WARNING: [Synth 8-3331] design control_bar has unconnected port btn[1]
---------------------------------------------------------------------------------
Finished RTL Elaboration : Time (s): cpu = 00:00:03 ; elapsed = 00:00:03 . Memory (MB): peak = 419.965 ; gain = 133.855
---------------------------------------------------------------------------------

Report Check Netlist: 
+------+------------------+-------+---------+-------+------------------+
|      |Item              |Errors |Warnings |Status |Description       |
+------+------------------+-------+---------+-------+------------------+
|1     |multi_driven_nets |      0|        0|Passed |Multi driven nets |
+------+------------------+-------+---------+-------+------------------+
---------------------------------------------------------------------------------
Finished RTL Optimization Phase 1 : Time (s): cpu = 00:00:04 ; elapsed = 00:00:03 . Memory (MB): peak = 419.965 ; gain = 133.855
---------------------------------------------------------------------------------
INFO: [Device 21-403] Loading part xc7z010clg400-1
INFO: [Project 1-570] Preparing netlist for logic optimization

Processing XDC Constraints
Initializing timing engine
Completed Processing XDC Constraints

INFO: [Project 1-111] Unisim Transformation Summary:
No Unisim elements were transformed.

Constraint Validation Runtime : Time (s): cpu = 00:00:00 ; elapsed = 00:00:00.010 . Memory (MB): peak = 721.660 ; gain = 0.375
---------------------------------------------------------------------------------
Finished Constraint Validation : Time (s): cpu = 00:00:11 ; elapsed = 00:00:12 . Memory (MB): peak = 721.660 ; gain = 435.551
---------------------------------------------------------------------------------
---------------------------------------------------------------------------------
Start Loading Part and Timing Information
---------------------------------------------------------------------------------
Loading part: xc7z010clg400-1
---------------------------------------------------------------------------------
Finished Loading Part and Timing Information : Time (s): cpu = 00:00:11 ; elapsed = 00:00:12 . Memory (MB): peak = 721.660 ; gain = 435.551
---------------------------------------------------------------------------------
---------------------------------------------------------------------------------
Start Applying 'set_property' XDC Constraints
---------------------------------------------------------------------------------
---------------------------------------------------------------------------------
Finished applying 'set_property' XDC Constraints : Time (s): cpu = 00:00:11 ; elapsed = 00:00:12 . Memory (MB): peak = 721.660 ; gain = 435.551
---------------------------------------------------------------------------------
INFO: [Synth 8-802] inferred FSM for state register 'st_reg' in module 'control_bar'
WARNING: [Synth 8-6014] Unused sequential element st_reg was removed.  [c:/Users/ibai.ros/Final_Optional/Final_Optional.srcs/sources_1/bd/Final_Optional/ipshared/0c9f/control_bar.vhd:47]
INFO: [Synth 8-5544] ROM "done_bar" won't be mapped to Block RAM because address size (4) smaller than threshold (5)
INFO: [Synth 8-5544] ROM "ld_old" won't be mapped to Block RAM because address size (4) smaller than threshold (5)
INFO: [Synth 8-5544] ROM "ld_new_right" won't be mapped to Block RAM because address size (4) smaller than threshold (5)
INFO: [Synth 8-5544] ROM "ld_new_left" won't be mapped to Block RAM because address size (4) smaller than threshold (5)
INFO: [Synth 8-5544] ROM "st" won't be mapped to Block RAM because address size (1) smaller than threshold (5)
WARNING: [Synth 8-6014] Unused sequential element new_sw_reg was removed.  [c:/Users/ibai.ros/Final_Optional/Final_Optional.srcs/sources_1/bd/Final_Optional/ipshared/0c9f/control_bar.vhd:120]
WARNING: [Synth 8-6014] Unused sequential element st_reg was removed.  [c:/Users/ibai.ros/Final_Optional/Final_Optional.srcs/sources_1/bd/Final_Optional/ipshared/0c9f/control_bar.vhd:47]
WARNING: [Synth 8-6014] Unused sequential element st_reg was removed.  [c:/Users/ibai.ros/Final_Optional/Final_Optional.srcs/sources_1/bd/Final_Optional/ipshared/0c9f/control_bar.vhd:47]
---------------------------------------------------------------------------------------------------
                   State |                     New Encoding |                Previous Encoding 
---------------------------------------------------------------------------------------------------
                  wait_b |                             0000 |                             0000
               wait_vs_0 |                             0001 |                             0001
              send_req_0 |                             0011 |                             0011
               rcv_req_0 |                             0101 |                             0101
              b0_pressed |                             0111 |                             0111
               wait_vs_3 |                             0010 |                             0010
              send_req_3 |                             0100 |                             0100
               rcv_req_3 |                             0110 |                             0110
              b3_pressed |                             1000 |                             1000
              wait_erase |                             1001 |                             1001
               write_new |                             1010 |                             1010
              wait_write |                             1011 |                             1011
                  vs_one |                             1100 |                             1100
---------------------------------------------------------------------------------------------------
INFO: [Synth 8-3354] encoded FSM with state register 'st_reg' using encoding 'sequential' in module 'control_bar'
WARNING: [Synth 8-6014] Unused sequential element st_reg was removed.  [c:/Users/ibai.ros/Final_Optional/Final_Optional.srcs/sources_1/bd/Final_Optional/ipshared/0c9f/control_bar.vhd:47]
---------------------------------------------------------------------------------
Finished RTL Optimization Phase 2 : Time (s): cpu = 00:00:11 ; elapsed = 00:00:12 . Memory (MB): peak = 721.660 ; gain = 435.551
---------------------------------------------------------------------------------

Report RTL Partitions: 
+-+--------------+------------+----------+
| |RTL Partition |Replication |Instances |
+-+--------------+------------+----------+
+-+--------------+------------+----------+
---------------------------------------------------------------------------------
Start RTL Component Statistics 
---------------------------------------------------------------------------------
Detailed RTL Component Info : 
+---Adders : 
	   2 Input      9 Bit       Adders := 1     
+---Registers : 
	                9 Bit    Registers := 3     
	                3 Bit    Registers := 1     
+---Muxes : 
	   2 Input      9 Bit        Muxes := 1     
	  14 Input      4 Bit        Muxes := 1     
	   2 Input      3 Bit        Muxes := 1     
	   2 Input      1 Bit        Muxes := 7     
	  13 Input      1 Bit        Muxes := 1     
---------------------------------------------------------------------------------
Finished RTL Component Statistics 
---------------------------------------------------------------------------------
---------------------------------------------------------------------------------
Start RTL Hierarchical Component Statistics 
---------------------------------------------------------------------------------
Hierarchical RTL Component report 
Module control_bar 
Detailed RTL Component Info : 
+---Adders : 
	   2 Input      9 Bit       Adders := 1     
+---Registers : 
	                9 Bit    Registers := 3     
	                3 Bit    Registers := 1     
+---Muxes : 
	   2 Input      9 Bit        Muxes := 1     
	  14 Input      4 Bit        Muxes := 1     
	   2 Input      3 Bit        Muxes := 1     
	   2 Input      1 Bit        Muxes := 7     
	  13 Input      1 Bit        Muxes := 1     
---------------------------------------------------------------------------------
Finished RTL Hierarchical Component Statistics
---------------------------------------------------------------------------------
---------------------------------------------------------------------------------
Start Part Resource Summary
---------------------------------------------------------------------------------
Part Resources:
DSPs: 80 (col length:40)
BRAMs: 120 (col length: RAMB18 40 RAMB36 20)
---------------------------------------------------------------------------------
Finished Part Resource Summary
---------------------------------------------------------------------------------
---------------------------------------------------------------------------------
Start Cross Boundary and Area Optimization
---------------------------------------------------------------------------------
WARNING: [Synth 8-6014] Unused sequential element U0/new_sw_reg was removed.  [c:/Users/ibai.ros/Final_Optional/Final_Optional.srcs/sources_1/bd/Final_Optional/ipshared/0c9f/control_bar.vhd:120]
INFO: [Synth 8-3917] design Final_Optional_control_bar_0_0 has port y_t[8] driven by constant 1
INFO: [Synth 8-3917] design Final_Optional_control_bar_0_0 has port y_t[7] driven by constant 1
INFO: [Synth 8-3917] design Final_Optional_control_bar_0_0 has port y_t[6] driven by constant 1
INFO: [Synth 8-3917] design Final_Optional_control_bar_0_0 has port y_t[5] driven by constant 0
INFO: [Synth 8-3917] design Final_Optional_control_bar_0_0 has port y_t[4] driven by constant 0
INFO: [Synth 8-3917] design Final_Optional_control_bar_0_0 has port y_t[3] driven by constant 0
INFO: [Synth 8-3917] design Final_Optional_control_bar_0_0 has port y_t[2] driven by constant 0
INFO: [Synth 8-3917] design Final_Optional_control_bar_0_0 has port y_t[1] driven by constant 0
INFO: [Synth 8-3886] merging instance 'U0/color_t_reg[0]' (FDRE) to 'U0/color_t_reg[1]'
INFO: [Synth 8-3886] merging instance 'U0/color_t_reg[1]' (FDRE) to 'U0/color_t_reg[2]'
---------------------------------------------------------------------------------
Finished Cross Boundary and Area Optimization : Time (s): cpu = 00:00:11 ; elapsed = 00:00:12 . Memory (MB): peak = 721.660 ; gain = 435.551
---------------------------------------------------------------------------------

Report RTL Partitions: 
+-+--------------+------------+----------+
| |RTL Partition |Replication |Instances |
+-+--------------+------------+----------+
+-+--------------+------------+----------+
---------------------------------------------------------------------------------
Start Applying XDC Timing Constraints
---------------------------------------------------------------------------------
---------------------------------------------------------------------------------
Finished Applying XDC Timing Constraints : Time (s): cpu = 00:00:19 ; elapsed = 00:00:20 . Memory (MB): peak = 736.383 ; gain = 450.273
---------------------------------------------------------------------------------
---------------------------------------------------------------------------------
Start Timing Optimization
---------------------------------------------------------------------------------
---------------------------------------------------------------------------------
Finished Timing Optimization : Time (s): cpu = 00:00:19 ; elapsed = 00:00:20 . Memory (MB): peak = 736.457 ; gain = 450.348
---------------------------------------------------------------------------------

Report RTL Partitions: 
+-+--------------+------------+----------+
| |RTL Partition |Replication |Instances |
+-+--------------+------------+----------+
+-+--------------+------------+----------+
---------------------------------------------------------------------------------
Start Technology Mapping
---------------------------------------------------------------------------------
---------------------------------------------------------------------------------
Finished Technology Mapping : Time (s): cpu = 00:00:19 ; elapsed = 00:00:20 . Memory (MB): peak = 756.086 ; gain = 469.977
---------------------------------------------------------------------------------

Report RTL Partitions: 
+-+--------------+------------+----------+
| |RTL Partition |Replication |Instances |
+-+--------------+------------+----------+
+-+--------------+------------+----------+
---------------------------------------------------------------------------------
Start IO Insertion
---------------------------------------------------------------------------------
---------------------------------------------------------------------------------
Start Flattening Before IO Insertion
---------------------------------------------------------------------------------
---------------------------------------------------------------------------------
Finished Flattening Before IO Insertion
---------------------------------------------------------------------------------
---------------------------------------------------------------------------------
Start Final Netlist Cleanup
---------------------------------------------------------------------------------
---------------------------------------------------------------------------------
Finished Final Netlist Cleanup
---------------------------------------------------------------------------------
---------------------------------------------------------------------------------
Finished IO Insertion : Time (s): cpu = 00:00:20 ; elapsed = 00:00:20 . Memory (MB): peak = 756.086 ; gain = 469.977
---------------------------------------------------------------------------------

Report Check Netlist: 
+------+------------------+-------+---------+-------+------------------+
|      |Item              |Errors |Warnings |Status |Description       |
+------+------------------+-------+---------+-------+------------------+
|1     |multi_driven_nets |      0|        0|Passed |Multi driven nets |
+------+------------------+-------+---------+-------+------------------+
---------------------------------------------------------------------------------
Start Renaming Generated Instances
---------------------------------------------------------------------------------
---------------------------------------------------------------------------------
Finished Renaming Generated Instances : Time (s): cpu = 00:00:20 ; elapsed = 00:00:20 . Memory (MB): peak = 756.086 ; gain = 469.977
---------------------------------------------------------------------------------

Report RTL Partitions: 
+-+--------------+------------+----------+
| |RTL Partition |Replication |Instances |
+-+--------------+------------+----------+
+-+--------------+------------+----------+
---------------------------------------------------------------------------------
Start Rebuilding User Hierarchy
---------------------------------------------------------------------------------
---------------------------------------------------------------------------------
Finished Rebuilding User Hierarchy : Time (s): cpu = 00:00:20 ; elapsed = 00:00:20 . Memory (MB): peak = 756.086 ; gain = 469.977
---------------------------------------------------------------------------------
---------------------------------------------------------------------------------
Start Renaming Generated Ports
---------------------------------------------------------------------------------
---------------------------------------------------------------------------------
Finished Renaming Generated Ports : Time (s): cpu = 00:00:20 ; elapsed = 00:00:20 . Memory (MB): peak = 756.086 ; gain = 469.977
---------------------------------------------------------------------------------
---------------------------------------------------------------------------------
Start Handling Custom Attributes
---------------------------------------------------------------------------------
---------------------------------------------------------------------------------
Finished Handling Custom Attributes : Time (s): cpu = 00:00:20 ; elapsed = 00:00:20 . Memory (MB): peak = 756.086 ; gain = 469.977
---------------------------------------------------------------------------------
---------------------------------------------------------------------------------
Start Renaming Generated Nets
---------------------------------------------------------------------------------
---------------------------------------------------------------------------------
Finished Renaming Generated Nets : Time (s): cpu = 00:00:20 ; elapsed = 00:00:20 . Memory (MB): peak = 756.086 ; gain = 469.977
---------------------------------------------------------------------------------
---------------------------------------------------------------------------------
Start Writing Synthesis Report
---------------------------------------------------------------------------------

Report BlackBoxes: 
+-+--------------+----------+
| |BlackBox name |Instances |
+-+--------------+----------+
+-+--------------+----------+

Report Cell Usage: 
+------+-------+------+
|      |Cell   |Count |
+------+-------+------+
|1     |CARRY4 |     3|
|2     |LUT1   |     2|
|3     |LUT2   |     5|
|4     |LUT3   |     2|
|5     |LUT4   |    11|
|6     |LUT5   |     7|
|7     |LUT6   |    11|
|8     |FDRE   |    32|
+------+-------+------+

Report Instance Areas: 
+------+---------+------------+------+
|      |Instance |Module      |Cells |
+------+---------+------------+------+
|1     |top      |            |    73|
|2     |  U0     |control_bar |    73|
+------+---------+------------+------+
---------------------------------------------------------------------------------
Finished Writing Synthesis Report : Time (s): cpu = 00:00:20 ; elapsed = 00:00:20 . Memory (MB): peak = 756.086 ; gain = 469.977
---------------------------------------------------------------------------------
Synthesis finished with 0 errors, 0 critical warnings and 6 warnings.
Synthesis Optimization Runtime : Time (s): cpu = 00:00:12 ; elapsed = 00:00:15 . Memory (MB): peak = 756.086 ; gain = 168.281
Synthesis Optimization Complete : Time (s): cpu = 00:00:20 ; elapsed = 00:00:21 . Memory (MB): peak = 756.086 ; gain = 469.977
INFO: [Project 1-571] Translating synthesized netlist
INFO: [Netlist 29-17] Analyzing 3 Unisim elements for replacement
INFO: [Netlist 29-28] Unisim Transformation completed in 0 CPU seconds
INFO: [Project 1-570] Preparing netlist for logic optimization
INFO: [Opt 31-138] Pushed 0 inverter(s) to 0 load pin(s).
INFO: [Project 1-111] Unisim Transformation Summary:
No Unisim elements were transformed.

32 Infos, 11 Warnings, 0 Critical Warnings and 0 Errors encountered.
synth_design completed successfully
synth_design: Time (s): cpu = 00:00:21 ; elapsed = 00:00:22 . Memory (MB): peak = 759.109 ; gain = 473.531
INFO: [Common 17-1381] The checkpoint 'C:/Users/ibai.ros/Final_Optional/Final_Optional.runs/Final_Optional_control_bar_0_0_synth_1/Final_Optional_control_bar_0_0.dcp' has been generated.
