Copyright 1986-2017 Xilinx, Inc. All Rights Reserved.
------------------------------------------------------------------------------------
| Tool Version : Vivado v.2017.2 (win64) Build 1909853 Thu Jun 15 18:39:09 MDT 2017
| Date         : Thu May 30 14:24:25 2019
| Host         : c4d1 running 64-bit major release  (build 9200)
| Command      : upgrade_ip
| Device       : xc7z010clg400-1
------------------------------------------------------------------------------------

Upgrade Log for IP 'Final_Optional_control_ball_0_1'

1. Summary
----------

SUCCESS in the upgrade of Final_Optional_control_ball_0_1 (ALU:user:control_ball:1.0) from (Rev. 5) to (Rev. 7)






Copyright 1986-2017 Xilinx, Inc. All Rights Reserved.
------------------------------------------------------------------------------------
| Tool Version : Vivado v.2017.2 (win64) Build 1909853 Thu Jun 15 18:39:09 MDT 2017
| Date         : Thu May 30 14:19:09 2019
| Host         : c4d1 running 64-bit major release  (build 9200)
| Command      : upgrade_ip
| Device       : xc7z010clg400-1
------------------------------------------------------------------------------------

Upgrade Log for IP 'Final_Optional_control_bar_0_0'

1. Summary
----------

SUCCESS in the upgrade of Final_Optional_control_bar_0_0 (ALU:user:control_bar:1.0) from (Rev. 5) to (Rev. 6)






Copyright 1986-2017 Xilinx, Inc. All Rights Reserved.
------------------------------------------------------------------------------------
| Tool Version : Vivado v.2017.2 (win64) Build 1909853 Thu Jun 15 18:39:09 MDT 2017
| Date         : Thu May 30 14:19:09 2019
| Host         : c4d1 running 64-bit major release  (build 9200)
| Command      : upgrade_ip
| Device       : xc7z010clg400-1
------------------------------------------------------------------------------------

Upgrade Log for IP 'Final_Optional_control_ball_0_1'

1. Summary
----------

SUCCESS in the conversion of Final_Optional_control_ball_0_1 (ALU:user:control_ball:1.0 (Rev. 5)) to Vivado generation flows.






Copyright 1986-2017 Xilinx, Inc. All Rights Reserved.
------------------------------------------------------------------------------------
| Tool Version : Vivado v.2017.2 (win64) Build 1909853 Thu Jun 15 18:39:09 MDT 2017
| Date         : Thu May 30 14:18:38 2019
| Host         : c4d1 running 64-bit major release  (build 9200)
| Command      : upgrade_ip
| Device       : xc7z010clg400-1
------------------------------------------------------------------------------------

Upgrade Log for IP 'Final_Optional_control_bar_0_0'

1. Summary
----------

SUCCESS in the conversion of Final_Optional_control_bar_0_0 (ALU:user:control_bar:1.0 (Rev. 5)) to Vivado generation flows.






Copyright 1986-2017 Xilinx, Inc. All Rights Reserved.
------------------------------------------------------------------------------------
| Tool Version : Vivado v.2017.2 (win64) Build 1909853 Thu Jun 15 18:39:09 MDT 2017
| Date         : Thu May 30 14:13:11 2019
| Host         : c4d1 running 64-bit major release  (build 9200)
| Command      : upgrade_ip
| Device       : xc7z010clg400-1
------------------------------------------------------------------------------------

Upgrade Log for IP 'Final_Optional_control_ball_0_1'

1. Summary
----------

SUCCESS in the upgrade of Final_Optional_control_ball_0_1 (ALU:user:control_ball:1.0) from (Rev. 4) to (Rev. 5)






Copyright 1986-2017 Xilinx, Inc. All Rights Reserved.
------------------------------------------------------------------------------------
| Tool Version : Vivado v.2017.2 (win64) Build 1909853 Thu Jun 15 18:39:09 MDT 2017
| Date         : Thu May 30 14:04:14 2019
| Host         : c4d1 running 64-bit major release  (build 9200)
| Command      : upgrade_ip
| Device       : xc7z010clg400-1
------------------------------------------------------------------------------------

Upgrade Log for IP 'Final_Optional_control_ball_0_1'

1. Summary
----------

SUCCESS in the upgrade of Final_Optional_control_ball_0_1 (ALU:user:control_ball:1.0) from (Rev. 3) to (Rev. 4)






Copyright 1986-2017 Xilinx, Inc. All Rights Reserved.
------------------------------------------------------------------------------------
| Tool Version : Vivado v.2017.2 (win64) Build 1909853 Thu Jun 15 18:39:09 MDT 2017
| Date         : Thu May 30 13:09:48 2019
| Host         : c4d1 running 64-bit major release  (build 9200)
| Command      : upgrade_ip
| Device       : xc7z010clg400-1
------------------------------------------------------------------------------------

Upgrade Log for IP 'Final_Optional_mux_control_0_2'

1. Summary
----------

SUCCESS in the upgrade of Final_Optional_mux_control_0_2 (ALU:user:mux_control:1.0) from (Rev. 2) to (Rev. 3)






Copyright 1986-2017 Xilinx, Inc. All Rights Reserved.
------------------------------------------------------------------------------------
| Tool Version : Vivado v.2017.2 (win64) Build 1909853 Thu Jun 15 18:39:09 MDT 2017
| Date         : Thu May 30 13:02:29 2019
| Host         : c4d1 running 64-bit major release  (build 9200)
| Command      : upgrade_ip
| Device       : xc7z010clg400-1
------------------------------------------------------------------------------------

Upgrade Log for IP 'Final_Optional_control_bar_0_0'

1. Summary
----------

SUCCESS in the upgrade of Final_Optional_control_bar_0_0 (ALU:user:control_bar:1.0) from (Rev. 4) to (Rev. 5)






Copyright 1986-2017 Xilinx, Inc. All Rights Reserved.
------------------------------------------------------------------------------------
| Tool Version : Vivado v.2017.2 (win64) Build 1909853 Thu Jun 15 18:39:09 MDT 2017
| Date         : Thu May 30 13:02:29 2019
| Host         : c4d1 running 64-bit major release  (build 9200)
| Command      : upgrade_ip
| Device       : xc7z010clg400-1
------------------------------------------------------------------------------------

Upgrade Log for IP 'Final_Optional_control_ball_0_0'

1. Summary
----------

SUCCESS in the upgrade of Final_Optional_control_ball_0_0 (ALU:user:control_ball:1.0) from (Rev. 6) to (Rev. 8)






Copyright 1986-2017 Xilinx, Inc. All Rights Reserved.
------------------------------------------------------------------------------------
| Tool Version : Vivado v.2017.2 (win64) Build 1909853 Thu Jun 15 18:39:09 MDT 2017
| Date         : Thu May 30 12:43:43 2019
| Host         : c4d1 running 64-bit major release  (build 9200)
| Command      : upgrade_ip
| Device       : xc7z010clg400-1
------------------------------------------------------------------------------------

Upgrade Log for IP 'Final_Optional_mux_control_0_0'

1. Summary
----------

SUCCESS in the upgrade of Final_Optional_mux_control_0_0 (ALU:user:mux_control:1.0) from (Rev. 2) to (Rev. 3)






Copyright 1986-2017 Xilinx, Inc. All Rights Reserved.
------------------------------------------------------------------------------------
| Tool Version : Vivado v.2017.2 (win64) Build 1909853 Thu Jun 15 18:39:09 MDT 2017
| Date         : Thu May 30 12:43:43 2019
| Host         : c4d1 running 64-bit major release  (build 9200)
| Command      : upgrade_ip
| Device       : xc7z010clg400-1
------------------------------------------------------------------------------------

Upgrade Log for IP 'Final_Optional_mem_control_unit_0_0'

1. Summary
----------

SUCCESS in the upgrade of Final_Optional_mem_control_unit_0_0 (ALU:user:mem_control_unit:1.0) from (Rev. 7) to (Rev. 8)






Copyright 1986-2017 Xilinx, Inc. All Rights Reserved.
------------------------------------------------------------------------------------
| Tool Version : Vivado v.2017.2 (win64) Build 1909853 Thu Jun 15 18:39:09 MDT 2017
| Date         : Thu May 30 12:20:07 2019
| Host         : c4d1 running 64-bit major release  (build 9200)
| Command      : upgrade_ip
| Device       : xc7z010clg400-1
------------------------------------------------------------------------------------

Upgrade Log for IP 'Final_Optional_mem_control_unit_0_0'

1. Summary
----------

SUCCESS in the upgrade of Final_Optional_mem_control_unit_0_0 (ALU:user:mem_control_unit:1.0) from (Rev. 6) to (Rev. 7)






Copyright 1986-2017 Xilinx, Inc. All Rights Reserved.
------------------------------------------------------------------------------------
| Tool Version : Vivado v.2017.2 (win64) Build 1909853 Thu Jun 15 18:39:09 MDT 2017
| Date         : Thu May 30 11:30:33 2019
| Host         : c4d1 running 64-bit major release  (build 9200)
| Command      : upgrade_ip
| Device       : xc7z010clg400-1
------------------------------------------------------------------------------------

Upgrade Log for IP 'Final_Optional_control_bar_0_0'

1. Summary
----------

SUCCESS in the upgrade of Final_Optional_control_bar_0_0 (ALU:user:control_bar:1.0) from (Rev. 3) to (Rev. 4)






Copyright 1986-2017 Xilinx, Inc. All Rights Reserved.
------------------------------------------------------------------------------------
| Tool Version : Vivado v.2017.2 (win64) Build 1909853 Thu Jun 15 18:39:09 MDT 2017
| Date         : Thu May 30 11:30:33 2019
| Host         : c4d1 running 64-bit major release  (build 9200)
| Command      : upgrade_ip
| Device       : xc7z010clg400-1
------------------------------------------------------------------------------------

Upgrade Log for IP 'Final_Optional_control_ball_0_0'

1. Summary
----------

SUCCESS in the upgrade of Final_Optional_control_ball_0_0 (ALU:user:control_ball:1.0) from (Rev. 5) to (Rev. 6)






Copyright 1986-2017 Xilinx, Inc. All Rights Reserved.
------------------------------------------------------------------------------------
| Tool Version : Vivado v.2017.2 (win64) Build 1909853 Thu Jun 15 18:39:09 MDT 2017
| Date         : Thu May 30 11:18:29 2019
| Host         : c4d1 running 64-bit major release  (build 9200)
| Command      : upgrade_ip
| Device       : xc7z010clg400-1
------------------------------------------------------------------------------------

Upgrade Log for IP 'Final_Optional_mem_control_unit_0_0'

1. Summary
----------

SUCCESS in the upgrade of Final_Optional_mem_control_unit_0_0 (ALU:user:mem_control_unit:1.0) from (Rev. 5) to (Rev. 6)






Copyright 1986-2017 Xilinx, Inc. All Rights Reserved.
------------------------------------------------------------------------------------
| Tool Version : Vivado v.2017.2 (win64) Build 1909853 Thu Jun 15 18:39:09 MDT 2017
| Date         : Thu May 30 11:18:29 2019
| Host         : c4d1 running 64-bit major release  (build 9200)
| Command      : upgrade_ip
| Device       : xc7z010clg400-1
------------------------------------------------------------------------------------

Upgrade Log for IP 'Final_Optional_control_ball_0_0'

1. Summary
----------

SUCCESS in the upgrade of Final_Optional_control_ball_0_0 (ALU:user:control_ball:1.0) from (Rev. 4) to (Rev. 5)






Copyright 1986-2017 Xilinx, Inc. All Rights Reserved.
------------------------------------------------------------------------------------
| Tool Version : Vivado v.2017.2 (win64) Build 1909853 Thu Jun 15 18:39:09 MDT 2017
| Date         : Thu May 30 10:55:36 2019
| Host         : c4d1 running 64-bit major release  (build 9200)
| Command      : upgrade_ip
| Device       : xc7z010clg400-1
------------------------------------------------------------------------------------

Upgrade Log for IP 'Final_Optional_mem_control_unit_0_0'

1. Summary
----------

SUCCESS in the upgrade of Final_Optional_mem_control_unit_0_0 (ALU:user:mem_control_unit:1.0) from (Rev. 4) to (Rev. 5)






Copyright 1986-2017 Xilinx, Inc. All Rights Reserved.
------------------------------------------------------------------------------------
| Tool Version : Vivado v.2017.2 (win64) Build 1909853 Thu Jun 15 18:39:09 MDT 2017
| Date         : Thu May 30 10:55:36 2019
| Host         : c4d1 running 64-bit major release  (build 9200)
| Command      : upgrade_ip
| Device       : xc7z010clg400-1
------------------------------------------------------------------------------------

Upgrade Log for IP 'Final_Optional_control_ball_0_0'

1. Summary
----------

SUCCESS in the upgrade of Final_Optional_control_ball_0_0 (ALU:user:control_ball:1.0) from (Rev. 3) to (Rev. 4)






Copyright 1986-2017 Xilinx, Inc. All Rights Reserved.
------------------------------------------------------------------------------------
| Tool Version : Vivado v.2017.2 (win64) Build 1909853 Thu Jun 15 18:39:09 MDT 2017
| Date         : Thu May 30 10:43:35 2019
| Host         : c4d1 running 64-bit major release  (build 9200)
| Command      : upgrade_ip
| Device       : xc7z010clg400-1
------------------------------------------------------------------------------------

Upgrade Log for IP 'Final_Optional_mem_control_unit_0_0'

1. Summary
----------

SUCCESS in the conversion of Final_Optional_mem_control_unit_0_0 (ALU:user:mem_control_unit:1.0 (Rev. 4)) to Vivado generation flows.






Copyright 1986-2017 Xilinx, Inc. All Rights Reserved.
------------------------------------------------------------------------------------
| Tool Version : Vivado v.2017.2 (win64) Build 1909853 Thu Jun 15 18:39:09 MDT 2017
| Date         : Thu May 30 10:43:35 2019
| Host         : c4d1 running 64-bit major release  (build 9200)
| Command      : upgrade_ip
| Device       : xc7z010clg400-1
------------------------------------------------------------------------------------

Upgrade Log for IP 'Final_Optional_control_bar_0_0'

1. Summary
----------

SUCCESS in the upgrade of Final_Optional_control_bar_0_0 (ALU:user:control_bar:1.0) from (Rev. 2) to (Rev. 3)






Copyright 1986-2017 Xilinx, Inc. All Rights Reserved.
------------------------------------------------------------------------------------
| Tool Version : Vivado v.2017.2 (win64) Build 1909853 Thu Jun 15 18:39:09 MDT 2017
| Date         : Thu May 30 10:43:35 2019
| Host         : c4d1 running 64-bit major release  (build 9200)
| Command      : upgrade_ip
| Device       : xc7z010clg400-1
------------------------------------------------------------------------------------

Upgrade Log for IP 'Final_Optional_control_ball_0_0'

1. Summary
----------

SUCCESS in the upgrade of Final_Optional_control_ball_0_0 (ALU:user:control_ball:1.0) from (Rev. 2) to (Rev. 3)

