
*** Running vivado
    with args -log Final_Optional_axi_gpio_1_0.vds -m64 -product Vivado -mode batch -messageDb vivado.pb -notrace -source Final_Optional_axi_gpio_1_0.tcl


****** Vivado v2017.2 (64-bit)
  **** SW Build 1909853 on Thu Jun 15 18:39:09 MDT 2017
  **** IP Build 1909766 on Thu Jun 15 19:58:00 MDT 2017
    ** Copyright 1986-2017 Xilinx, Inc. All Rights Reserved.

source Final_Optional_axi_gpio_1_0.tcl -notrace
Starting RTL Elaboration : Time (s): cpu = 00:00:03 ; elapsed = 00:00:04 . Memory (MB): peak = 398.336 ; gain = 72.184
INFO: [Synth 8-638] synthesizing module 'Final_Optional_axi_gpio_1_0' [c:/Users/ibai/ESDC/Final_Optional/Final_Optional.srcs/sources_1/bd/Final_Optional/ip/Final_Optional_axi_gpio_1_0/synth/Final_Optional_axi_gpio_1_0.vhd:84]
INFO: [Synth 8-638] synthesizing module 'axi_gpio' [c:/Users/ibai/ESDC/Final_Optional/Final_Optional.srcs/sources_1/bd/Final_Optional/ipshared/cb07/hdl/axi_gpio_v2_0_vh_rfs.vhd:1257]
INFO: [Synth 8-638] synthesizing module 'axi_lite_ipif' [c:/Users/ibai/ESDC/Final_Optional/Final_Optional.srcs/sources_1/bd/Final_Optional/ipshared/0ba0/hdl/axi_lite_ipif_v3_0_vh_rfs.vhd:2948]
INFO: [Synth 8-638] synthesizing module 'slave_attachment' [c:/Users/ibai/ESDC/Final_Optional/Final_Optional.srcs/sources_1/bd/Final_Optional/ipshared/0ba0/hdl/axi_lite_ipif_v3_0_vh_rfs.vhd:2341]
INFO: [Synth 8-638] synthesizing module 'address_decoder' [c:/Users/ibai/ESDC/Final_Optional/Final_Optional.srcs/sources_1/bd/Final_Optional/ipshared/0ba0/hdl/axi_lite_ipif_v3_0_vh_rfs.vhd:1775]
INFO: [Synth 8-638] synthesizing module 'pselect_f' [c:/Users/ibai/ESDC/Final_Optional/Final_Optional.srcs/sources_1/bd/Final_Optional/ipshared/0ba0/hdl/axi_lite_ipif_v3_0_vh_rfs.vhd:1534]
INFO: [Synth 8-256] done synthesizing module 'pselect_f' (1#1) [c:/Users/ibai/ESDC/Final_Optional/Final_Optional.srcs/sources_1/bd/Final_Optional/ipshared/0ba0/hdl/axi_lite_ipif_v3_0_vh_rfs.vhd:1534]
INFO: [Synth 8-638] synthesizing module 'pselect_f__parameterized0' [c:/Users/ibai/ESDC/Final_Optional/Final_Optional.srcs/sources_1/bd/Final_Optional/ipshared/0ba0/hdl/axi_lite_ipif_v3_0_vh_rfs.vhd:1534]
INFO: [Synth 8-256] done synthesizing module 'pselect_f__parameterized0' (1#1) [c:/Users/ibai/ESDC/Final_Optional/Final_Optional.srcs/sources_1/bd/Final_Optional/ipshared/0ba0/hdl/axi_lite_ipif_v3_0_vh_rfs.vhd:1534]
INFO: [Synth 8-638] synthesizing module 'pselect_f__parameterized1' [c:/Users/ibai/ESDC/Final_Optional/Final_Optional.srcs/sources_1/bd/Final_Optional/ipshared/0ba0/hdl/axi_lite_ipif_v3_0_vh_rfs.vhd:1534]
INFO: [Synth 8-256] done synthesizing module 'pselect_f__parameterized1' (1#1) [c:/Users/ibai/ESDC/Final_Optional/Final_Optional.srcs/sources_1/bd/Final_Optional/ipshared/0ba0/hdl/axi_lite_ipif_v3_0_vh_rfs.vhd:1534]
INFO: [Synth 8-638] synthesizing module 'pselect_f__parameterized2' [c:/Users/ibai/ESDC/Final_Optional/Final_Optional.srcs/sources_1/bd/Final_Optional/ipshared/0ba0/hdl/axi_lite_ipif_v3_0_vh_rfs.vhd:1534]
INFO: [Synth 8-256] done synthesizing module 'pselect_f__parameterized2' (1#1) [c:/Users/ibai/ESDC/Final_Optional/Final_Optional.srcs/sources_1/bd/Final_Optional/ipshared/0ba0/hdl/axi_lite_ipif_v3_0_vh_rfs.vhd:1534]
INFO: [Synth 8-256] done synthesizing module 'address_decoder' (2#1) [c:/Users/ibai/ESDC/Final_Optional/Final_Optional.srcs/sources_1/bd/Final_Optional/ipshared/0ba0/hdl/axi_lite_ipif_v3_0_vh_rfs.vhd:1775]
INFO: [Synth 8-256] done synthesizing module 'slave_attachment' (3#1) [c:/Users/ibai/ESDC/Final_Optional/Final_Optional.srcs/sources_1/bd/Final_Optional/ipshared/0ba0/hdl/axi_lite_ipif_v3_0_vh_rfs.vhd:2341]
INFO: [Synth 8-256] done synthesizing module 'axi_lite_ipif' (4#1) [c:/Users/ibai/ESDC/Final_Optional/Final_Optional.srcs/sources_1/bd/Final_Optional/ipshared/0ba0/hdl/axi_lite_ipif_v3_0_vh_rfs.vhd:2948]
INFO: [Synth 8-638] synthesizing module 'GPIO_Core' [c:/Users/ibai/ESDC/Final_Optional/Final_Optional.srcs/sources_1/bd/Final_Optional/ipshared/cb07/hdl/axi_gpio_v2_0_vh_rfs.vhd:177]
INFO: [Synth 8-638] synthesizing module 'cdc_sync' [c:/Users/ibai/ESDC/Final_Optional/Final_Optional.srcs/sources_1/bd/Final_Optional/ipshared/52cb/hdl/lib_cdc_v1_0_rfs.vhd:106]
INFO: [Synth 8-256] done synthesizing module 'cdc_sync' (5#1) [c:/Users/ibai/ESDC/Final_Optional/Final_Optional.srcs/sources_1/bd/Final_Optional/ipshared/52cb/hdl/lib_cdc_v1_0_rfs.vhd:106]
INFO: [Synth 8-256] done synthesizing module 'GPIO_Core' (6#1) [c:/Users/ibai/ESDC/Final_Optional/Final_Optional.srcs/sources_1/bd/Final_Optional/ipshared/cb07/hdl/axi_gpio_v2_0_vh_rfs.vhd:177]
INFO: [Synth 8-256] done synthesizing module 'axi_gpio' (7#1) [c:/Users/ibai/ESDC/Final_Optional/Final_Optional.srcs/sources_1/bd/Final_Optional/ipshared/cb07/hdl/axi_gpio_v2_0_vh_rfs.vhd:1257]
INFO: [Synth 8-256] done synthesizing module 'Final_Optional_axi_gpio_1_0' (8#1) [c:/Users/ibai/ESDC/Final_Optional/Final_Optional.srcs/sources_1/bd/Final_Optional/ip/Final_Optional_axi_gpio_1_0/synth/Final_Optional_axi_gpio_1_0.vhd:84]
Finished RTL Elaboration : Time (s): cpu = 00:00:04 ; elapsed = 00:00:06 . Memory (MB): peak = 440.418 ; gain = 114.266
Finished RTL Optimization Phase 1 : Time (s): cpu = 00:00:04 ; elapsed = 00:00:06 . Memory (MB): peak = 440.418 ; gain = 114.266
INFO: [Device 21-403] Loading part xc7z010clg400-1
Constraint Validation Runtime : Time (s): cpu = 00:00:00 ; elapsed = 00:00:00.114 . Memory (MB): peak = 739.621 ; gain = 0.000
Finished Constraint Validation : Time (s): cpu = 00:00:14 ; elapsed = 00:00:18 . Memory (MB): peak = 739.621 ; gain = 413.469
Finished Loading Part and Timing Information : Time (s): cpu = 00:00:14 ; elapsed = 00:00:18 . Memory (MB): peak = 739.621 ; gain = 413.469
Finished applying 'set_property' XDC Constraints : Time (s): cpu = 00:00:14 ; elapsed = 00:00:18 . Memory (MB): peak = 739.621 ; gain = 413.469
Finished RTL Optimization Phase 2 : Time (s): cpu = 00:00:14 ; elapsed = 00:00:18 . Memory (MB): peak = 739.621 ; gain = 413.469
Finished Cross Boundary and Area Optimization : Time (s): cpu = 00:00:14 ; elapsed = 00:00:19 . Memory (MB): peak = 739.621 ; gain = 413.469
Finished Applying XDC Timing Constraints : Time (s): cpu = 00:00:25 ; elapsed = 00:00:30 . Memory (MB): peak = 739.621 ; gain = 413.469
Finished Timing Optimization : Time (s): cpu = 00:00:25 ; elapsed = 00:00:31 . Memory (MB): peak = 739.621 ; gain = 413.469
Finished Technology Mapping : Time (s): cpu = 00:00:25 ; elapsed = 00:00:31 . Memory (MB): peak = 739.621 ; gain = 413.469
Finished IO Insertion : Time (s): cpu = 00:00:26 ; elapsed = 00:00:31 . Memory (MB): peak = 739.621 ; gain = 413.469
Finished Renaming Generated Instances : Time (s): cpu = 00:00:26 ; elapsed = 00:00:31 . Memory (MB): peak = 739.621 ; gain = 413.469
Finished Rebuilding User Hierarchy : Time (s): cpu = 00:00:26 ; elapsed = 00:00:31 . Memory (MB): peak = 739.621 ; gain = 413.469
Finished Renaming Generated Ports : Time (s): cpu = 00:00:26 ; elapsed = 00:00:31 . Memory (MB): peak = 739.621 ; gain = 413.469
Finished Handling Custom Attributes : Time (s): cpu = 00:00:26 ; elapsed = 00:00:31 . Memory (MB): peak = 739.621 ; gain = 413.469
Finished Renaming Generated Nets : Time (s): cpu = 00:00:26 ; elapsed = 00:00:31 . Memory (MB): peak = 739.621 ; gain = 413.469

Report Cell Usage: 
+------+-----+------+
|      |Cell |Count |
+------+-----+------+
|1     |LUT1 |     2|
|2     |LUT2 |     5|
|3     |LUT3 |     4|
|4     |LUT4 |     7|
|5     |LUT5 |    11|
|6     |LUT6 |     6|
|7     |FDRE |    37|
|8     |FDSE |     4|
+------+-----+------+
Finished Writing Synthesis Report : Time (s): cpu = 00:00:26 ; elapsed = 00:00:31 . Memory (MB): peak = 739.621 ; gain = 413.469
synth_design: Time (s): cpu = 00:00:28 ; elapsed = 00:00:35 . Memory (MB): peak = 739.621 ; gain = 428.730
