16:27:49 INFO  : Registering command handlers for SDK TCF services
16:27:49 INFO  : Launching XSCT server: xsct.bat -interactive C:\Users\ibai.ros\Final_Optional\Final_Optional.sdk\temp_xsdb_launch_script.tcl
16:27:50 INFO  : XSCT server has started successfully.
16:27:53 INFO  : Successfully done setting XSCT server connection channel  
16:27:53 INFO  : Processing command line option -hwspec C:/Users/ibai.ros/Final_Optional/Final_Optional.sdk/Final_Optional_wrapper.hdf.
16:27:53 INFO  : Successfully done setting SDK workspace  
16:29:19 INFO  : Refreshed build settings on project Final_Optional
16:39:36 INFO  : Connected to target on host '127.0.0.1' and port '3121'.
16:39:37 INFO  : 'targets -set -filter {jtag_cable_name =~ "Digilent Zybo 210279786927A" && level==0} -index 1' command is executed.
16:39:39 INFO  : FPGA configured successfully with bitstream "C:/Users/ibai.ros/Final_Optional/Final_Optional.sdk/Final_Optional_wrapper_hw_platform_0/Final_Optional_wrapper.bit"
16:41:16 INFO  : Processor reset is completed for ps7_cortexa9_0
16:41:47 INFO  : Connected to target on host '127.0.0.1' and port '3121'.
16:41:48 INFO  : 'targets -set -filter {jtag_cable_name =~ "Digilent Zybo 210279786927A" && level==0} -index 1' command is executed.
16:41:49 INFO  : FPGA configured successfully with bitstream "C:/Users/ibai.ros/Final_Optional/Final_Optional.sdk/Final_Optional_wrapper_hw_platform_0/Final_Optional_wrapper.bit"
16:41:52 INFO  : ps7_cortexa9_0 Processor is in use. Please stop existing Run or Debug sessions before launching.
16:41:58 INFO  : Processor reset is completed for ps7_cortexa9_0
16:42:01 ERROR : Unexpected error while launching program.
java.lang.RuntimeException: Failed to download ELF file


    Could not stop the processor after reset


	at com.xilinx.sdk.targetmanager.internal.TM.downloadELF(TM.java:686)
	at com.xilinx.sdk.debug.core.internal.AppRunner.run(AppRunner.java:129)
	at com.xilinx.sdk.debug.core.XilinxAppLaunchConfigurationDelegate.runApplication(XilinxAppLaunchConfigurationDelegate.java:637)
	at com.xilinx.sdk.debug.core.XilinxAppLaunchConfigurationDelegate.launch(XilinxAppLaunchConfigurationDelegate.java:309)
	at com.xilinx.sdk.debug.ui.XilinxAppLaunchDelegateWrapper.launch(XilinxAppLaunchDelegateWrapper.java:31)
	at org.eclipse.debug.internal.core.LaunchConfiguration.launch(LaunchConfiguration.java:885)
	at org.eclipse.debug.internal.core.LaunchConfiguration.launch(LaunchConfiguration.java:739)
	at org.eclipse.debug.internal.ui.DebugUIPlugin.buildAndLaunch(DebugUIPlugin.java:1039)
	at org.eclipse.debug.internal.ui.DebugUIPlugin$8.run(DebugUIPlugin.java:1256)
	at org.eclipse.core.internal.jobs.Worker.run(Worker.java:55)
16:42:07 ERROR : Unexpected error while parsing XMD response ?: com.google.gson.JsonSyntaxException: com.google.gson.stream.MalformedJsonException: invalid number or unquoted string near 
16:42:33 INFO  : Registering command handlers for SDK TCF services
16:42:33 INFO  : Launching XSCT server: xsct.bat -interactive C:\Users\ibai.ros\Final_Optional\Final_Optional.sdk\temp_xsdb_launch_script.tcl
16:42:34 INFO  : XSCT server has started successfully.
16:42:34 INFO  : Successfully done setting XSCT server connection channel  
16:42:37 INFO  : Successfully done setting SDK workspace  
16:43:06 INFO  : Connected to target on host '127.0.0.1' and port '3121'.
16:43:07 INFO  : 'targets -set -filter {jtag_cable_name =~ "Digilent Zybo 210279786927A" && level==0} -index 1' command is executed.
16:43:09 INFO  : FPGA configured successfully with bitstream "C:/Users/ibai.ros/Final_Optional/Final_Optional.sdk/Final_Optional_wrapper_hw_platform_0/Final_Optional_wrapper.bit"
16:43:19 ERROR : Unexpected error while launching program.
java.lang.RuntimeException: Error in Resetting Target

    Could not stop the processor after reset


	at com.xilinx.sdk.targetmanager.internal.TM.doProcessorReset(TM.java:1011)
	at com.xilinx.sdk.debug.core.XilinxAppLaunchConfigurationDelegate.runTargetSetup(XilinxAppLaunchConfigurationDelegate.java:534)
	at com.xilinx.sdk.debug.core.XilinxAppLaunchConfigurationDelegate.runApplication(XilinxAppLaunchConfigurationDelegate.java:616)
	at com.xilinx.sdk.debug.core.XilinxAppLaunchConfigurationDelegate.launch(XilinxAppLaunchConfigurationDelegate.java:309)
	at com.xilinx.sdk.debug.ui.XilinxAppLaunchDelegateWrapper.launch(XilinxAppLaunchDelegateWrapper.java:31)
	at org.eclipse.debug.internal.core.LaunchConfiguration.launch(LaunchConfiguration.java:885)
	at org.eclipse.debug.internal.core.LaunchConfiguration.launch(LaunchConfiguration.java:739)
	at org.eclipse.debug.internal.ui.DebugUIPlugin.buildAndLaunch(DebugUIPlugin.java:1039)
	at org.eclipse.debug.internal.ui.DebugUIPlugin$8.run(DebugUIPlugin.java:1256)
	at org.eclipse.core.internal.jobs.Worker.run(Worker.java:55)
16:43:35 INFO  : Connected to target on host '127.0.0.1' and port '3121'.
16:43:35 INFO  : 'targets -set -filter {jtag_cable_name =~ "Digilent Zybo 210279786927A" && level==0} -index 1' command is executed.
16:43:36 INFO  : FPGA configured successfully with bitstream "C:/Users/ibai.ros/Final_Optional/Final_Optional.sdk/Final_Optional_wrapper_hw_platform_0/Final_Optional_wrapper.bit"
16:43:43 INFO  : ps7_init is completed.
16:43:43 INFO  : ps7_post_config is completed.
16:43:43 INFO  : Processor reset is completed for ps7_cortexa9_0
16:44:34 ERROR : Unexpected error while parsing XMD response ?: com.google.gson.JsonSyntaxException: com.google.gson.stream.MalformedJsonException: invalid number or unquoted string near 
